<?xml version="1.0" encoding="UTF-8"?>
<!-- Generated by org.testng.reporters.JUnitReportReporter -->
<testsuite hostname="SJPWIP-L-99220" failures="0" tests="1" name="com.crmTestCases.welComePageTest" time="0.010" errors="0" timestamp="18 Sep 2019 19:06:04 GMT" skipped="0">
  <testcase classname="com.crmTestCases.welComePageTest" name="test" time="0.010"/>
</testsuite> <!-- com.crmTestCases.welComePageTest -->
